<?xml version="1.0" encoding="UTF-8"?>
<testsuites name="New Test Suite 1.2" time="0.633" tests="2" failures="0" errors="0">
   <testsuite name="New Test Suite 1.2" tests="2" failures="0" errors="0" time="0.633" skipped="0" timestamp="2023-08-22 22:19:22" hostname="VAMSI KRISHNA - LAPTOP-6GE7PKRV" id="Test Suites/New Test Suite 1.2">
      <properties>
         <property name="deviceName" value=""/>
         <property name="devicePlatform" value=""/>
         <property name="logFolder" value="C:\\Users\\VAMSI KRISHNA\\Katalon Studio\\CC\\Reports\\20230822_221913\\New Test Suite 1.2\\20230822_221913"/>
         <property name="logFiles" value="C:\\Users\\VAMSI KRISHNA\\Katalon Studio\\CC\\Reports\\20230822_221913\\New Test Suite 1.2\\20230822_221913\\execution0.log"/>
         <property name="attachments" value=""/>
         <property name="hostName" value="VAMSI KRISHNA - LAPTOP-6GE7PKRV"/>
         <property name="hostAddress" value="192.168.5.99"/>
         <property name="os" value="Windows 11 64bit"/>
         <property name="katalonVersion" value="8.6.6.208"/>
      </properties>
      <testcase name="Test Cases/New Test Case .1.2" time="0.352" classname="Test Cases/New Test Case .1.2" status="PASSED">
         <system-out><![CDATA[2023-08-22 22:19:22 - [TEST_CASE][PASSED] - Test Cases/New Test Case .1.2: Test Cases/New Test Case .1.2

2023-08-22 22:19:22 - [TEST_STEP][PASSED] - return null: null]]></system-out>
         <system-err><![CDATA[]]></system-err>
      </testcase>
      <testcase name="Test Cases/New Test Case .1.2" time="0.013" classname="Test Cases/New Test Case .1.2" status="PASSED">
         <system-out><![CDATA[2023-08-22 22:19:22 - [TEST_CASE][PASSED] - Test Cases/New Test Case .1.2: Test Cases/New Test Case .1.2

2023-08-22 22:19:22 - [TEST_STEP][PASSED] - return null: null]]></system-out>
         <system-err><![CDATA[]]></system-err>
      </testcase>
      <system-out><![CDATA[2023-08-22 22:19:22 - [TEST_SUITE][PASSED] - New Test Suite 1.2: Test Cases/New Test Case .1.2]]></system-out>
      <system-err><![CDATA[]]></system-err>
   </testsuite>
</testsuites>
